<?xml version="1.0" encoding="UTF-8"?>
<testng-results skipped="0" failed="1" ignored="0" total="4" passed="3">
  <reporter-output>
  </reporter-output>
  <suite name="Homepage" duration-ms="51889" started-at="2018-11-20T01:34:39 EST" finished-at="2018-11-20T01:35:31 EST">
    <groups>
    </groups>
    <test name="validating homepage" duration-ms="25986" started-at="2018-11-20T01:34:39 EST" finished-at="2018-11-20T01:35:05 EST">
      <class name="Academy.Homepage">
        <test-method status="PASS" signature="initialize()[pri:0, instance:Academy.Homepage@4facf68f]" name="initialize" is-config="true" duration-ms="4564" started-at="2018-11-20T01:34:39 EST" finished-at="2018-11-20T01:34:43 EST">
          <reporter-output>
          </reporter-output>
        </test-method> <!-- initialize -->
        <test-method status="PASS" signature="basePageNavigation(java.lang.String, java.lang.String, java.lang.String)[pri:0, instance:Academy.Homepage@4facf68f]" name="basePageNavigation" duration-ms="13502" started-at="2018-11-20T01:34:43 EST" data-provider="getData" finished-at="2018-11-20T01:34:57 EST">
          <params>
            <param index="0">
              <value>
                <![CDATA[syfulislam42@gmail.com]]>
              </value>
            </param>
            <param index="1">
              <value>
                <![CDATA[123456]]>
              </value>
            </param>
            <param index="2">
              <value>
                <![CDATA[restricted user]]>
              </value>
            </param>
          </params>
          <reporter-output>
          </reporter-output>
        </test-method> <!-- basePageNavigation -->
        <test-method status="PASS" signature="basePageNavigation(java.lang.String, java.lang.String, java.lang.String)[pri:0, instance:Academy.Homepage@4facf68f]" name="basePageNavigation" duration-ms="6916" started-at="2018-11-20T01:34:57 EST" data-provider="getData" finished-at="2018-11-20T01:35:04 EST">
          <params>
            <param index="0">
              <value>
                <![CDATA[syfulislam41@gmail.com]]>
              </value>
            </param>
            <param index="1">
              <value>
                <![CDATA[654321]]>
              </value>
            </param>
            <param index="2">
              <value>
                <![CDATA[NonRestricted user]]>
              </value>
            </param>
          </params>
          <reporter-output>
          </reporter-output>
        </test-method> <!-- basePageNavigation -->
        <test-method status="PASS" signature="tearDown()[pri:0, instance:Academy.Homepage@4facf68f]" name="tearDown" is-config="true" duration-ms="960" started-at="2018-11-20T01:35:04 EST" finished-at="2018-11-20T01:35:05 EST">
          <reporter-output>
          </reporter-output>
        </test-method> <!-- tearDown -->
      </class> <!-- Academy.Homepage -->
    </test> <!-- validating homepage -->
    <test name="validating the text within page" duration-ms="12457" started-at="2018-11-20T01:35:05 EST" finished-at="2018-11-20T01:35:17 EST">
      <class name="Academy.validateTitle">
        <test-method status="PASS" signature="initialize()[pri:0, instance:Academy.validateTitle@6a192cfe]" name="initialize" is-config="true" duration-ms="9733" started-at="2018-11-20T01:35:05 EST" finished-at="2018-11-20T01:35:15 EST">
          <reporter-output>
          </reporter-output>
        </test-method> <!-- initialize -->
        <test-method status="PASS" signature="basePageNavigation()[pri:0, instance:Academy.validateTitle@6a192cfe]" name="basePageNavigation" duration-ms="281" started-at="2018-11-20T01:35:15 EST" finished-at="2018-11-20T01:35:15 EST">
          <reporter-output>
          </reporter-output>
        </test-method> <!-- basePageNavigation -->
        <test-method status="PASS" signature="tearDown()[pri:0, instance:Academy.validateTitle@6a192cfe]" name="tearDown" is-config="true" duration-ms="2439" started-at="2018-11-20T01:35:15 EST" finished-at="2018-11-20T01:35:17 EST">
          <reporter-output>
          </reporter-output>
        </test-method> <!-- tearDown -->
      </class> <!-- Academy.validateTitle -->
    </test> <!-- validating the text within page -->
    <test name="validating the navigation bar" duration-ms="13250" started-at="2018-11-20T01:35:17 EST" finished-at="2018-11-20T01:35:31 EST">
      <class name="Academy.validateNavbar">
        <test-method status="PASS" signature="initialize()[pri:0, instance:Academy.validateNavbar@20ce78ec]" name="initialize" is-config="true" duration-ms="9717" started-at="2018-11-20T01:35:17 EST" finished-at="2018-11-20T01:35:27 EST">
          <reporter-output>
          </reporter-output>
        </test-method> <!-- initialize -->
        <test-method status="FAIL" signature="basePageNavigation()[pri:0, instance:Academy.validateNavbar@20ce78ec]" name="basePageNavigation" duration-ms="131" started-at="2018-11-20T01:35:27 EST" finished-at="2018-11-20T01:35:27 EST">
          <exception class="java.lang.AssertionError">
            <message>
              <![CDATA[did not expect to find [true] but found [false]]]>
            </message>
            <full-stacktrace>
              <![CDATA[java.lang.AssertionError: did not expect to find [true] but found [false]
at org.testng.Assert.fail(Assert.java:97)
at org.testng.Assert.failNotEquals(Assert.java:969)
at org.testng.Assert.assertTrue(Assert.java:43)
at org.testng.Assert.assertTrue(Assert.java:53)
at Academy.validateNavbar.basePageNavigation(validateNavbar.java:29)
at sun.reflect.NativeMethodAccessorImpl.invoke0(Native Method)
at sun.reflect.NativeMethodAccessorImpl.invoke(NativeMethodAccessorImpl.java:62)
at sun.reflect.DelegatingMethodAccessorImpl.invoke(DelegatingMethodAccessorImpl.java:43)
at java.lang.reflect.Method.invoke(Method.java:498)
at org.testng.internal.MethodInvocationHelper.invokeMethod(MethodInvocationHelper.java:131)
at org.testng.internal.Invoker.invokeMethod(Invoker.java:658)
at org.testng.internal.Invoker.invokeTestMethod(Invoker.java:792)
at org.testng.internal.Invoker.invokeTestMethods(Invoker.java:1103)
at org.testng.internal.TestMethodWorker.invokeTestMethods(TestMethodWorker.java:140)
at org.testng.internal.TestMethodWorker.run(TestMethodWorker.java:122)
at org.testng.TestRunner.privateRun(TestRunner.java:739)
at org.testng.TestRunner.run(TestRunner.java:589)
at org.testng.SuiteRunner.runTest(SuiteRunner.java:398)
at org.testng.SuiteRunner.runSequentially(SuiteRunner.java:392)
at org.testng.SuiteRunner.privateRun(SuiteRunner.java:354)
at org.testng.SuiteRunner.run(SuiteRunner.java:302)
at org.testng.SuiteRunnerWorker.runSuite(SuiteRunnerWorker.java:53)
at org.testng.SuiteRunnerWorker.run(SuiteRunnerWorker.java:96)
at org.testng.TestNG.runSuitesSequentially(TestNG.java:1145)
at org.testng.TestNG.runSuitesLocally(TestNG.java:1067)
at org.testng.TestNG.runSuites(TestNG.java:997)
at org.testng.TestNG.run(TestNG.java:965)
at org.testng.IDEARemoteTestNG.run(IDEARemoteTestNG.java:72)
at org.testng.RemoteTestNGStarter.main(RemoteTestNGStarter.java:123)
]]>
            </full-stacktrace>
          </exception> <!-- java.lang.AssertionError -->
          <reporter-output>
          </reporter-output>
        </test-method> <!-- basePageNavigation -->
        <test-method status="PASS" signature="tearDown()[pri:0, instance:Academy.validateNavbar@20ce78ec]" name="tearDown" is-config="true" duration-ms="2398" started-at="2018-11-20T01:35:28 EST" finished-at="2018-11-20T01:35:31 EST">
          <reporter-output>
          </reporter-output>
        </test-method> <!-- tearDown -->
      </class> <!-- Academy.validateNavbar -->
    </test> <!-- validating the navigation bar -->
  </suite> <!-- Homepage -->
</testng-results>
