<?xml version="1.0" encoding="UTF-8"?>
<!-- Generated by org.testng.reporters.JUnitXMLReporter -->
<testsuite hostname="Syful-Lenovo" ignored="0" name="validating the navigation bar" tests="1" failures="1" timestamp="2018-11-20T01:35:31 EST" time="13.25" errors="0">
  <testcase name="basePageNavigation" time="0.131" classname="Academy.validateNavbar">
    <failure type="java.lang.AssertionError" message="did not expect to find [true] but found [false]">
      <![CDATA[java.lang.AssertionError: did not expect to find [true] but found [false]
at Academy.validateNavbar.basePageNavigation(validateNavbar.java:29)
... Removed 28 stack frames]]>
    </failure>
  </testcase> <!-- basePageNavigation -->
</testsuite> <!-- validating the navigation bar -->
